n=1 in 1.9073486328125e-06s: det(A)=1.0
    (actual: 1.0; err: 0.0; rel err: 0.0)
n=2 in 9.059906005859375e-06s: det(A)=-0.26794919243112325
    (actual: -0.2679491924311231; err: 1.6653345369377348e-16;
    rel err: -6.215113103450807e-16)
n=3 in 1.9073486328125e-05s: det(A)=0.002653939633918745
    (actual: 0.002653939633918138; err: -6.067195357228883e-16;
    rel err: -2.286109028136255e-13)
n=4 in 7.009506225585938e-05s: det(A)=-1.4131681202518998e-06
    (actual: -1.4131681203819082e-06; err: -1.3000833421698398e-16;
    rel err: 9.199778309593431e-11)
n=5 in 0.00035119056701660156s: det(A)=4.3720464343184093e-11
    (actual: 4.372040095371976e-11; err: -6.338946433407175e-17;
    rel err: -1.4498829597004996e-06)
n=6 in 0.002103090286254883s: det(A)=-8.113335155754352e-17
    (actual: -8.095587855693022e-17; err: 1.7747300061330864e-19;
    rel err: -0.0021922188206320945)
n=7 in 0.015280961990356445s: det(A)=-1.7790411106468596e-21
    (actual: 9.103606622275781e-24; err: 1.7881447172691355e-21;
    rel err: 196.42157130270672)
n=8 in 0.14252614974975586s: det(A)=2.68053091349587e-25
    (actual: -6.26851150838106e-32; err: -2.6805315403470208e-25;
    rel err: 4276185.082795373)
n=9 in 1.1412830352783203s: det(A)=2.650108549543089e-29
    (actual: 2.65668876939539e-41; err: -2.6501085495404323e-29;
    rel err: -997523149895.9303)
n=10 in 13.451810121536255s: det(A)=-7.485376237011021e-34
    (actual: -6.942483872183575e-52; err: 7.485376237011021e-34;
    rel err: -1.0781985777457331e+18)
n=11 in 147.6946611404419s: det(A)=9.453103426670634e-40
    (actual: 9.7826699036564e-64; err: -9.453103426670634e-40;
    rel err: -9.663111931373064e+23)


Notice that after n=6, relative error starts to grow. This is due to
pertubation of error at a rate of n! since the algorithm is O(n!). After n=10,
the algorithm takes too long to calculate, 2 minutes. Post n=11, it will
probably be 24 minutes (2*12).
