n=1 in 7.510185241699219e-05s: det(A)=1.0 (actual: 1.0; err: 0.0; rel err: 0.0)
n=2 in 0.00017595291137695312s: det(A)=-0.26794919243112325 (actual: -0.2679491924311231; err: 1.6653345369377348e-16; rel err: -6.215113103450807e-16)
n=3 in 0.00013494491577148438s: det(A)=0.002653939633918066 (actual: 0.002653939633918138; err: 7.19910242530375e-17; rel err: 2.7126097117270787e-14)
n=4 in 0.0002167224884033203s: det(A)=-1.4131681203784309e-06 (actual: -1.4131681203819082e-06; err: -3.4772820067157165e-18; rel err: 2.4606286800299333e-12)
n=5 in 0.0003230571746826172s: det(A)=4.372040095356283e-11 (actual: 4.372040095371976e-11; err: 1.5693167183779472e-22; rel err: 3.5894380750056426e-12)
n=6 in 0.0004622936248779297s: det(A)=-8.095587862322418e-17 (actual: -8.095587855693022e-17; err: 6.6293959952269e-26; rel err: -8.188900069270376e-10)
n=7 in 0.0006277561187744141s: det(A)=9.103606569492404e-24 (actual: 9.103606622275781e-24; err: 5.278337711860672e-32; rel err: 5.798073149321953e-09)
n=8 in 0.0008177757263183594s: det(A)=-6.268508085217963e-32 (actual: -6.26851150838106e-32; err: -3.4231630965099393e-38; rel err: 5.460886674505004e-07)
n=9 in 0.0010330677032470703s: det(A)=2.6567197505650853e-41 (actual: 2.65668876939539e-41; err: -3.0981169695128444e-46; rel err: -1.1661572876742782e-05)
n=10 in 0.0013089179992675781s: det(A)=-6.952054489144957e-52 (actual: -6.942483872183575e-52; err: 9.570616961382518e-55; rel err: -0.0013785580402612204)
n=11 in 0.0015537738800048828s: det(A)=9.558856057998702e-64 (actual: 9.7826699036564e-64; err: 2.2381384565769703e-65; rel err: 0.022878605519955623)
n=12 in 0.0020329952239990234s: det(A)=1.0265827480768104e-75 (actual: 8.396055584379772e-76; err: -1.8697718963883323e-76; rel err: -0.22269646473838287)
n=13 in 0.0021986961364746094s: det(A)=-3.7315938597835904e-88 (actual: -5.158717625137226e-88; err: -1.4271237653536353e-88; rel err: 0.27664312510527705)
n=14 in 0.0025370121002197266s: det(A)=2.5680048730618657e-101 (actual: 1.1270939563313196e-100; err: 8.702934690251331e-101; rel err: 0.7721569831302532)
n=15 in 0.002933025360107422s: det(A)=1.9724132828362128e-113 (actual: 3.121623416729616e-113; err: 1.149210133893403e-113; rel err: 0.36814502599335913)
n=16 in 0.0033359527587890625s: det(A)=-4.192874088179407e-126 (actual: -1.9002711520505397e-126; err: 2.2926029361288673e-126; rel err: -1.2064609482993893)
n=17 in 0.0037870407104492188s: det(A)=2.9904843122495522e-139 (actual: 3.6547486035860174e-140; err: -2.6250094518909504e-139; rel err: -7.182462425227571)
n=18 in 0.0043752193450927734s: det(A)=-6.405045382682356e-152 (actual: -8.753988014455654e-154; err: 6.317505502537799e-152; rel err: -72.16717103228338)
n=19 in 0.004826068878173828s: det(A)=2.0372252727422793e-164 (actual: -1.0240184386150509e-165; err: -2.1396271166037842e-164; rel err: 20.894419826048786)
n=20 in 0.005222797393798828s: det(A)=-3.4069571559254487e-177 (actual: 3.309477141035852e-179; err: 3.4400519273358074e-177; rel err: 103.94548083384211)
n=21 in 0.005937814712524414s: det(A)=1.7627277246383873e-189 (actual: 8.096433603144267e-192; err: -1.754631291035243e-189; rel err: -216.7165664588206)
n=22 in 0.0062673091888427734s: det(A)=-2.2650322855990116e-202 (actual: -9.155500777591925e-205; err: 2.2558767848214195e-202; rel err: -246.39578321512187)
n=23 in 0.007218837738037109s: det(A)=9.701047026393107e-216 (actual: -5.494386284599675e-219; err: -9.706541412677707e-216; rel err: 1766.6288662456016)
n=24 in 0.007604837417602539s: det(A)=1.5053210933972857e-228 (actual: -1.4064524729531185e-231; err: -1.5067275458702387e-228; rel err: 1071.2964532008489)
n=25 in 0.008278131484985352s: det(A)=-1.013242220857156e-241 (actual: -7.269101979215851e-246; err: 1.0131695298373639e-241; rel err: -13938.028834019175)
n=26 in 0.01314091682434082s: det(A)=-1.3516920215065563e-254 (actual: 1.5311890646564638e-258; err: 1.351845140413022e-254; rel err: 8828.727762082866)
n=27 in 0.016447067260742188s: det(A)=-2.882965688681983e-268 (actual: -1.1779574907023457e-273; err: 2.8829539091070756e-268; rel err: -244741.76121484165)
n=28 in 0.015599250793457031s: det(A)=2.0697118730898398e-281 (actual: 4.807171469347528e-286; err: -2.0696638013751463e-281; rel err: -43053.67126120133)
n=29 in 0.01153874397277832s: det(A)=-1.2003369832911873e-293 (actual: 2.618470664386772e-298; err: 1.2003631679978311e-293; rel err: 45842.14688076133)
n=30 in 0.013907909393310547s: det(A)=1.6039117088568255e-306 (actual: -1.9167845127e-312; err: -1.603913625641338e-306; rel err: 836773.0514382115)
n=31 in 0.01322484016418457s: det(A)=-6.274e-320 (actual: 0.0; err: 6.274e-320; rel err: inf)
n=32 in 0.013981103897094727s: det(A)=0.0 (actual: -0.0; err: -0.0; rel err: nan)
n=33 in 0.014773130416870117s: det(A)=0.0 (actual: 0.0; err: 0.0; rel err: nan)
n=34 in 0.02486896514892578s: det(A)=0.0 (actual: -0.0; err: -0.0; rel err: nan)
n=35 in 0.017410993576049805s: det(A)=-0.0 (actual: 0.0; err: 0.0; rel err: nan)
n=36 in 0.017529964447021484s: det(A)=0.0 (actual: 0.0; err: 0.0; rel err: nan)
n=37 in 0.018522262573242188s: det(A)=0.0 (actual: -0.0; err: -0.0; rel err: nan)
n=38 in 0.019585847854614258s: det(A)=-0.0 (actual: 0.0; err: 0.0; rel err: nan)
n=39 in 0.020924806594848633s: det(A)=-0.0 (actual: 0.0; err: 0.0; rel err: nan)
n=40 in 0.021569013595581055s: det(A)=-0.0 (actual: 0.0; err: 0.0; rel err: nan)
n=41 in 0.022668838500976562s: det(A)=-0.0 (actual: -0.0; err: 0.0; rel err: nan)
n=42 in 0.024049043655395508s: det(A)=-0.0 (actual: -0.0; err: 0.0; rel err: nan)
n=43 in 0.025413036346435547s: det(A)=0.0 (actual: 0.0; err: 0.0; rel err: nan)
n=44 in 0.02600407600402832s: det(A)=0.0 (actual: -0.0; err: -0.0; rel err: nan)
n=45 in 0.02779984474182129s: det(A)=0.0 (actual: -0.0; err: -0.0; rel err: nan)
n=46 in 0.028676271438598633s: det(A)=-0.0 (actual: -0.0; err: 0.0; rel err: nan)
n=47 in 0.030334949493408203s: det(A)=0.0 (actual: -0.0; err: -0.0; rel err: nan)
n=48 in 0.03137516975402832s: det(A)=0.0 (actual: -0.0; err: -0.0; rel err: nan)
n=49 in 0.03332996368408203s: det(A)=-0.0 (actual: 0.0; err: 0.0; rel err: nan)
n=50 in 0.03396201133728027s: det(A)=-0.0 (actual: 0.0; err: 0.0; rel err: nan)
n=51 in 0.035414934158325195s: det(A)=0.0 (actual: 0.0; err: 0.0; rel err: nan)
n=52 in 0.036524057388305664s: det(A)=0.0 (actual: -0.0; err: -0.0; rel err: nan)
n=53 in 0.03851795196533203s: det(A)=-0.0 (actual: -0.0; err: 0.0; rel err: nan)
n=54 in 0.0396420955657959s: det(A)=0.0 (actual: -0.0; err: -0.0; rel err: nan)
n=55 in 0.041837215423583984s: det(A)=-0.0 (actual: 0.0; err: 0.0; rel err: nan)
n=56 in 0.04254007339477539s: det(A)=0.0 (actual: -0.0; err: -0.0; rel err: nan)
n=57 in 0.044363975524902344s: det(A)=-0.0 (actual: 0.0; err: 0.0; rel err: nan)
n=58 in 0.04644179344177246s: det(A)=0.0 (actual: -0.0; err: -0.0; rel err: nan)
n=59 in 0.04827284812927246s: det(A)=-0.0 (actual: -0.0; err: 0.0; rel err: nan)
n=60 in 0.048792123794555664s: det(A)=-0.0 (actual: 0.0; err: 0.0; rel err: nan)
n=61 in 0.050588369369506836s: det(A)=-0.0 (actual: -0.0; err: 0.0; rel err: nan)
n=62 in 0.05223584175109863s: det(A)=-0.0 (actual: -0.0; err: 0.0; rel err: nan)
n=63 in 0.054533958435058594s: det(A)=0.0 (actual: -0.0; err: -0.0; rel err: nan)
n=64 in 0.05726122856140137s: det(A)=0.0 (actual: 0.0; err: 0.0; rel err: nan)
n=65 in 0.05804800987243652s: det(A)=-0.0 (actual: -0.0; err: 0.0; rel err: nan)
n=66 in 0.0612790584564209s: det(A)=0.0 (actual: 0.0; err: 0.0; rel err: nan)
n=67 in 0.06212210655212402s: det(A)=-0.0 (actual: 0.0; err: 0.0; rel err: nan)
n=68 in 0.06280875205993652s: det(A)=-0.0 (actual: 0.0; err: 0.0; rel err: nan)
n=69 in 0.06627202033996582s: det(A)=-0.0 (actual: -0.0; err: 0.0; rel err: nan)
n=70 in 0.06783890724182129s: det(A)=-0.0 (actual: -0.0; err: 0.0; rel err: nan)
n=71 in 0.06931614875793457s: det(A)=-0.0 (actual: 0.0; err: 0.0; rel err: nan)
n=72 in 0.07172083854675293s: det(A)=0.0 (actual: 0.0; err: 0.0; rel err: nan)
n=73 in 0.0726161003112793s: det(A)=-0.0 (actual: 0.0; err: 0.0; rel err: nan)
n=74 in 0.0749659538269043s: det(A)=0.0 (actual: 0.0; err: 0.0; rel err: nan)
n=75 in 0.0791633129119873s: det(A)=-0.0 (actual: 0.0; err: 0.0; rel err: nan)
n=76 in 0.07879018783569336s: det(A)=0.0 (actual: 0.0; err: 0.0; rel err: nan)
n=77 in 0.0816645622253418s: det(A)=-0.0 (actual: -0.0; err: 0.0; rel err: nan)
n=78 in 0.08298492431640625s: det(A)=0.0 (actual: 0.0; err: 0.0; rel err: nan)
n=79 in 0.08661627769470215s: det(A)=-0.0 (actual: 0.0; err: 0.0; rel err: nan)
n=80 in 0.08740496635437012s: det(A)=0.0 (actual: 0.0; err: 0.0; rel err: nan)
n=81 in 0.0897679328918457s: det(A)=-0.0 (actual: 0.0; err: 0.0; rel err: nan)
n=82 in 0.09242701530456543s: det(A)=0.0 (actual: 0.0; err: 0.0; rel err: nan)
n=83 in 0.09472203254699707s: det(A)=0.0 (actual: 0.0; err: 0.0; rel err: nan)
n=84 in 0.09714293479919434s: det(A)=0.0 (actual: 0.0; err: 0.0; rel err: nan)
n=85 in 0.10092020034790039s: det(A)=-0.0 (actual: -0.0; err: 0.0; rel err: nan)
n=86 in 0.10196900367736816s: det(A)=0.0 (actual: -0.0; err: -0.0; rel err: nan)
n=87 in 0.1052091121673584s: det(A)=0.0 (actual: 0.0; err: 0.0; rel err: nan)
n=88 in 0.10608506202697754s: det(A)=0.0 (actual: 0.0; err: 0.0; rel err: nan)
n=89 in 0.10913419723510742s: det(A)=-0.0 (actual: -0.0; err: 0.0; rel err: nan)
n=90 in 0.11215400695800781s: det(A)=0.0 (actual: 0.0; err: 0.0; rel err: nan)
n=91 in 0.11403608322143555s: det(A)=-0.0 (actual: -0.0; err: 0.0; rel err: nan)
n=92 in 0.11563491821289062s: det(A)=-0.0 (actual: 0.0; err: 0.0; rel err: nan)
n=93 in 0.11904287338256836s: det(A)=0.0 (actual: -0.0; err: -0.0; rel err: nan)
n=94 in 0.12280988693237305s: det(A)=-0.0 (actual: 0.0; err: 0.0; rel err: nan)
n=95 in 0.12359285354614258s: det(A)=0.0 (actual: -0.0; err: -0.0; rel err: nan)
n=96 in 0.12550592422485352s: det(A)=-0.0 (actual: 0.0; err: 0.0; rel err: nan)
n=97 in 0.13093304634094238s: det(A)=-0.0 (actual: -0.0; err: 0.0; rel err: nan)
n=98 in 0.13224196434020996s: det(A)=0.0 (actual: -0.0; err: -0.0; rel err: nan)
n=99 in 0.13481712341308594s: det(A)=0.0 (actual: 0.0; err: 0.0; rel err: nan)
n=100 in 0.13700103759765625s: det(A)=-0.0 (actual: -0.0; err: 0.0; rel err: nan)
n=101 in 0.1409311294555664s: det(A)=-0.0 (actual: -0.0; err: 0.0; rel err: nan)
n=102 in 0.14370322227478027s: det(A)=0.0 (actual: 0.0; err: 0.0; rel err: nan)
n=103 in 0.16234993934631348s: det(A)=-0.0 (actual: -0.0; err: 0.0; rel err: nan)
n=104 in 0.15078186988830566s: det(A)=0.0 (actual: 0.0; err: 0.0; rel err: nan)
n=105 in 0.15225505828857422s: det(A)=0.0 (actual: 0.0; err: 0.0; rel err: nan)
n=106 in 0.15389490127563477s: det(A)=-0.0 (actual: 0.0; err: 0.0; rel err: nan)
n=107 in 0.1588292121887207s: det(A)=-0.0 (actual: -0.0; err: 0.0; rel err: nan)
n=108 in 0.16286635398864746s: det(A)=-0.0 (actual: 0.0; err: 0.0; rel err: nan)
n=109 in 0.16557598114013672s: det(A)=0.0 (actual: 0.0; err: 0.0; rel err: nan)
n=110 in 0.16833996772766113s: det(A)=0.0 (actual: 0.0; err: 0.0; rel err: nan)
n=111 in 0.1699221134185791s: det(A)=-0.0 (actual: -0.0; err: 0.0; rel err: nan)
n=112 in 0.1730029582977295s: det(A)=0.0 (actual: 0.0; err: 0.0; rel err: nan)
n=113 in 0.1789708137512207s: det(A)=-0.0 (actual: 0.0; err: 0.0; rel err: nan)
n=114 in 0.19084906578063965s: det(A)=-0.0 (actual: -0.0; err: 0.0; rel err: nan)
n=115 in 0.20029807090759277s: det(A)=-0.0 (actual: 0.0; err: 0.0; rel err: nan)
n=116 in 0.19253993034362793s: det(A)=-0.0 (actual: 0.0; err: 0.0; rel err: nan)
n=117 in 0.18907427787780762s: det(A)=0.0 (actual: -0.0; err: -0.0; rel err: nan)
n=118 in 0.19440603256225586s: det(A)=0.0 (actual: 0.0; err: 0.0; rel err: nan)
n=119 in 0.1965351104736328s: det(A)=-0.0 (actual: 0.0; err: 0.0; rel err: nan)
n=120 in 0.19922304153442383s: det(A)=0.0 (actual: 0.0; err: 0.0; rel err: nan)
n=121 in 0.20255780220031738s: det(A)=0.0 (actual: 0.0; err: 0.0; rel err: nan)
n=122 in 0.2055518627166748s: det(A)=0.0 (actual: -0.0; err: -0.0; rel err: nan)
n=123 in 0.21188092231750488s: det(A)=0.0 (actual: 0.0; err: 0.0; rel err: nan)
n=124 in 0.2127680778503418s: det(A)=-0.0 (actual: 0.0; err: 0.0; rel err: nan)
n=125 in 0.21734070777893066s: det(A)=-0.0 (actual: -0.0; err: 0.0; rel err: nan)
n=126 in 0.218674898147583s: det(A)=0.0 (actual: 0.0; err: 0.0; rel err: nan)
n=127 in 0.23731112480163574s: det(A)=-0.0 (actual: -0.0; err: 0.0; rel err: nan)
n=128 in 0.25162601470947266s: det(A)=-0.0 (actual: 0.0; err: 0.0; rel err: nan)
n=129 in 0.2526211738586426s: det(A)=0.0 (actual: -0.0; err: -0.0; rel err: nan)
n=130 in 0.23981714248657227s: det(A)=-0.0 (actual: 0.0; err: 0.0; rel err: nan)
n=131 in 0.24451613426208496s: det(A)=-0.0 (actual: 0.0; err: 0.0; rel err: nan)
n=132 in 0.25006675720214844s: det(A)=0.0 (actual: -0.0; err: -0.0; rel err: nan)
n=133 in 0.2534308433532715s: det(A)=0.0 (actual: -0.0; err: -0.0; rel err: nan)
n=134 in 0.25443196296691895s: det(A)=0.0 (actual: -0.0; err: -0.0; rel err: nan)
n=135 in 0.26061487197875977s: det(A)=-0.0 (actual: 0.0; err: 0.0; rel err: nan)
n=136 in 0.26418089866638184s: det(A)=-0.0 (actual: -0.0; err: 0.0; rel err: nan)
n=137 in 0.2783970832824707s: det(A)=-0.0 (actual: -0.0; err: 0.0; rel err: nan)
n=138 in 0.27308011054992676s: det(A)=-0.0 (actual: 0.0; err: 0.0; rel err: nan)
n=139 in 0.2745661735534668s: det(A)=-0.0 (actual: -0.0; err: 0.0; rel err: nan)
n=140 in 0.2970571517944336s: det(A)=0.0 (actual: -0.0; err: -0.0; rel err: nan)
n=141 in 0.37865591049194336s: det(A)=-0.0 (actual: -0.0; err: 0.0; rel err: nan)
n=142 in 0.33416008949279785s: det(A)=0.0 (actual: 0.0; err: 0.0; rel err: nan)
n=143 in 0.29358911514282227s: det(A)=0.0 (actual: 0.0; err: 0.0; rel err: nan)
n=144 in 0.29535412788391113s: det(A)=0.0 (actual: 0.0; err: 0.0; rel err: nan)
n=145 in 0.31769704818725586s: det(A)=0.0 (actual: -0.0; err: -0.0; rel err: nan)
n=146 in 0.33700108528137207s: det(A)=-0.0 (actual: 0.0; err: 0.0; rel err: nan)
n=147 in 0.3284940719604492s: det(A)=-0.0 (actual: 0.0; err: 0.0; rel err: nan)
n=148 in 0.31463098526000977s: det(A)=0.0 (actual: -0.0; err: -0.0; rel err: nan)
n=149 in 0.3487269878387451s: det(A)=-0.0 (actual: -0.0; err: 0.0; rel err: nan)
n=150 in 0.3467080593109131s: det(A)=-0.0 (actual: 0.0; err: 0.0; rel err: nan)
n=151 in 0.34198808670043945s: det(A)=0.0 (actual: -0.0; err: -0.0; rel err: nan)
n=152 in 0.33052611351013184s: det(A)=0.0 (actual: -0.0; err: -0.0; rel err: nan)
n=153 in 0.3454442024230957s: det(A)=-0.0 (actual: 0.0; err: 0.0; rel err: nan)
n=154 in 0.3581850528717041s: det(A)=-0.0 (actual: 0.0; err: 0.0; rel err: nan)
n=155 in 0.3457038402557373s: det(A)=0.0 (actual: -0.0; err: -0.0; rel err: nan)
n=156 in 0.3488428592681885s: det(A)=-0.0 (actual: 0.0; err: 0.0; rel err: nan)
n=157 in 0.39041876792907715s: det(A)=0.0 (actual: -0.0; err: -0.0; rel err: nan)
n=158 in 0.35691189765930176s: det(A)=-0.0 (actual: -0.0; err: 0.0; rel err: nan)
n=159 in 0.3790421485900879s: det(A)=-0.0 (actual: 0.0; err: 0.0; rel err: nan)
n=160 in 0.38758087158203125s: det(A)=0.0 (actual: -0.0; err: -0.0; rel err: nan)
n=161 in 0.4484522342681885s: det(A)=-0.0 (actual: 0.0; err: 0.0; rel err: nan)
n=162 in 0.5037550926208496s: det(A)=0.0 (actual: 0.0; err: 0.0; rel err: nan)
n=163 in 0.4288208484649658s: det(A)=-0.0 (actual: -0.0; err: 0.0; rel err: nan)
n=164 in 0.45046186447143555s: det(A)=-0.0 (actual: 0.0; err: 0.0; rel err: nan)
n=165 in 0.41413211822509766s: det(A)=0.0 (actual: 0.0; err: 0.0; rel err: nan)
n=166 in 0.4283332824707031s: det(A)=0.0 (actual: 0.0; err: 0.0; rel err: nan)
n=167 in 0.46621108055114746s: det(A)=0.0 (actual: 0.0; err: 0.0; rel err: nan)
n=168 in 0.43577003479003906s: det(A)=-0.0 (actual: -0.0; err: 0.0; rel err: nan)
n=169 in 0.7255752086639404s: det(A)=-0.0 (actual: -0.0; err: 0.0; rel err: nan)
n=170 in 0.6554548740386963s: det(A)=0.0 (actual: 0.0; err: 0.0; rel err: nan)
n=171 in 0.6749000549316406s: det(A)=-0.0 (actual: -0.0; err: 0.0; rel err: nan)
n=172 in 0.6047968864440918s: det(A)=-0.0 (actual: -0.0; err: 0.0; rel err: nan)
n=173 in 0.5002329349517822s: det(A)=-0.0 (actual: -0.0; err: 0.0; rel err: nan)
n=174 in 0.6902198791503906s: det(A)=0.0 (actual: -0.0; err: -0.0; rel err: nan)
n=175 in 0.7912929058074951s: det(A)=-0.0 (actual: 0.0; err: 0.0; rel err: nan)
n=176 in 0.5584330558776855s: det(A)=-0.0 (actual: -0.0; err: 0.0; rel err: nan)
n=177 in 0.6464052200317383s: det(A)=-0.0 (actual: 0.0; err: 0.0; rel err: nan)
n=178 in 0.5987489223480225s: det(A)=-0.0 (actual: -0.0; err: 0.0; rel err: nan)
n=179 in 0.7606871128082275s: det(A)=-0.0 (actual: 0.0; err: 0.0; rel err: nan)
n=180 in 0.6439809799194336s: det(A)=0.0 (actual: -0.0; err: -0.0; rel err: nan)
n=181 in 0.7059469223022461s: det(A)=0.0 (actual: -0.0; err: -0.0; rel err: nan)
n=182 in 0.8859601020812988s: det(A)=-0.0 (actual: 0.0; err: 0.0; rel err: nan)
n=183 in 1.2744858264923096s: det(A)=-0.0 (actual: 0.0; err: 0.0; rel err: nan)
n=184 in 0.8935697078704834s: det(A)=0.0 (actual: -0.0; err: -0.0; rel err: nan)
n=185 in 0.7063789367675781s: det(A)=-0.0 (actual: -0.0; err: 0.0; rel err: nan)
n=186 in 0.7305920124053955s: det(A)=-0.0 (actual: -0.0; err: 0.0; rel err: nan)
n=187 in 0.6980197429656982s: det(A)=0.0 (actual: 0.0; err: 0.0; rel err: nan)
n=188 in 0.7213089466094971s: det(A)=-0.0 (actual: -0.0; err: 0.0; rel err: nan)
n=189 in 0.6308608055114746s: det(A)=0.0 (actual: -0.0; err: -0.0; rel err: nan)
n=190 in 0.629296064376831s: det(A)=0.0 (actual: -0.0; err: -0.0; rel err: nan)
n=191 in 1.1806888580322266s: det(A)=-0.0 (actual: -0.0; err: 0.0; rel err: nan)
n=192 in 0.7482011318206787s: det(A)=-0.0 (actual: -0.0; err: 0.0; rel err: nan)
n=193 in 0.7638640403747559s: det(A)=-0.0 (actual: 0.0; err: 0.0; rel err: nan)
n=194 in 0.8214731216430664s: det(A)=-0.0 (actual: 0.0; err: 0.0; rel err: nan)
n=195 in 1.0033438205718994s: det(A)=-0.0 (actual: 0.0; err: 0.0; rel err: nan)
n=196 in 0.9894900321960449s: det(A)=-0.0 (actual: 0.0; err: 0.0; rel err: nan)
n=197 in 0.7525978088378906s: det(A)=0.0 (actual: 0.0; err: 0.0; rel err: nan)
n=198 in 0.6602828502655029s: det(A)=-0.0 (actual: -0.0; err: 0.0; rel err: nan)
n=199 in 0.6945819854736328s: det(A)=-0.0 (actual: -0.0; err: 0.0; rel err: nan)
n=200 in 0.6464619636535645s: det(A)=0.0 (actual: 0.0; err: 0.0; rel err: nan)
n=201 in 0.9216570854187012s: det(A)=-0.0 (actual: -0.0; err: 0.0; rel err: nan)
n=202 in 1.2074909210205078s: det(A)=0.0 (actual: -0.0; err: -0.0; rel err: nan)
n=203 in 0.7775120735168457s: det(A)=0.0 (actual: -0.0; err: -0.0; rel err: nan)
n=204 in 1.1040840148925781s: det(A)=-0.0 (actual: -0.0; err: 0.0; rel err: nan)
n=205 in 0.7538299560546875s: det(A)=-0.0 (actual: -0.0; err: 0.0; rel err: nan)
n=206 in 0.7866768836975098s: det(A)=-0.0 (actual: -0.0; err: 0.0; rel err: nan)
n=207 in 0.7979950904846191s: det(A)=0.0 (actual: 0.0; err: 0.0; rel err: nan)
n=208 in 0.7689878940582275s: det(A)=0.0 (actual: 0.0; err: 0.0; rel err: nan)
n=209 in 0.9181482791900635s: det(A)=-0.0 (actual: -0.0; err: 0.0; rel err: nan)
n=210 in 1.0560431480407715s: det(A)=0.0 (actual: -0.0; err: -0.0; rel err: nan)
n=211 in 1.1214261054992676s: det(A)=0.0 (actual: -0.0; err: -0.0; rel err: nan)
n=212 in 0.7860338687896729s: det(A)=0.0 (actual: 0.0; err: 0.0; rel err: nan)
n=213 in 0.7460520267486572s: det(A)=0.0 (actual: 0.0; err: 0.0; rel err: nan)
n=214 in 0.8572442531585693s: det(A)=0.0 (actual: 0.0; err: 0.0; rel err: nan)
n=215 in 0.9591970443725586s: det(A)=-0.0 (actual: 0.0; err: 0.0; rel err: nan)
n=216 in 1.0270347595214844s: det(A)=0.0 (actual: 0.0; err: 0.0; rel err: nan)
n=217 in 0.982454776763916s: det(A)=0.0 (actual: 0.0; err: 0.0; rel err: nan)
n=218 in 0.9314889907836914s: det(A)=0.0 (actual: 0.0; err: 0.0; rel err: nan)
n=219 in 0.7522730827331543s: det(A)=-0.0 (actual: 0.0; err: 0.0; rel err: nan)
n=220 in 0.713129997253418s: det(A)=0.0 (actual: -0.0; err: -0.0; rel err: nan)
n=221 in 0.7302429676055908s: det(A)=0.0 (actual: 0.0; err: 0.0; rel err: nan)
n=222 in 2.1260979175567627s: det(A)=0.0 (actual: 0.0; err: 0.0; rel err: nan)
n=223 in 0.8853421211242676s: det(A)=-0.0 (actual: -0.0; err: 0.0; rel err: nan)
n=224 in 1.092860221862793s: det(A)=-0.0 (actual: -0.0; err: 0.0; rel err: nan)
n=225 in 0.9069833755493164s: det(A)=0.0 (actual: 0.0; err: 0.0; rel err: nan)
n=226 in 0.9303889274597168s: det(A)=-0.0 (actual: 0.0; err: 0.0; rel err: nan)
n=227 in 0.8746199607849121s: det(A)=0.0 (actual: -0.0; err: -0.0; rel err: nan)
n=228 in 0.7953348159790039s: det(A)=-0.0 (actual: -0.0; err: 0.0; rel err: nan)
n=229 in 0.8205828666687012s: det(A)=0.0 (actual: 0.0; err: 0.0; rel err: nan)
n=230 in 0.7892639636993408s: det(A)=0.0 (actual: -0.0; err: -0.0; rel err: nan)
n=231 in 0.7905588150024414s: det(A)=0.0 (actual: -0.0; err: -0.0; rel err: nan)
n=232 in 0.775108814239502s: det(A)=0.0 (actual: 0.0; err: 0.0; rel err: nan)
n=233 in 0.8406949043273926s: det(A)=-0.0 (actual: -0.0; err: 0.0; rel err: nan)
n=234 in 1.030104160308838s: det(A)=-0.0 (actual: -0.0; err: 0.0; rel err: nan)
n=235 in 1.1397230625152588s: det(A)=0.0 (actual: -0.0; err: -0.0; rel err: nan)
n=236 in 0.8687899112701416s: det(A)=0.0 (actual: -0.0; err: -0.0; rel err: nan)
n=237 in 1.037226915359497s: det(A)=-0.0 (actual: 0.0; err: 0.0; rel err: nan)
n=238 in 1.1542410850524902s: det(A)=-0.0 (actual: 0.0; err: 0.0; rel err: nan)
n=239 in 1.0105009078979492s: det(A)=-0.0 (actual: -0.0; err: 0.0; rel err: nan)
n=240 in 1.6093401908874512s: det(A)=-0.0 (actual: -0.0; err: 0.0; rel err: nan)
n=241 in 0.975229024887085s: det(A)=0.0 (actual: -0.0; err: -0.0; rel err: nan)
n=242 in 1.0399339199066162s: det(A)=0.0 (actual: -0.0; err: -0.0; rel err: nan)
n=243 in 0.9436888694763184s: det(A)=0.0 (actual: 0.0; err: 0.0; rel err: nan)
n=244 in 1.0315587520599365s: det(A)=0.0 (actual: -0.0; err: -0.0; rel err: nan)
n=245 in 1.744924783706665s: det(A)=-0.0 (actual: -0.0; err: 0.0; rel err: nan)
n=246 in 1.0589830875396729s: det(A)=0.0 (actual: 0.0; err: 0.0; rel err: nan)
n=247 in 1.0381650924682617s: det(A)=0.0 (actual: 0.0; err: 0.0; rel err: nan)
n=248 in 1.0025179386138916s: det(A)=0.0 (actual: 0.0; err: 0.0; rel err: nan)
n=249 in 0.9350259304046631s: det(A)=0.0 (actual: -0.0; err: -0.0; rel err: nan)
n=250 in 0.9786369800567627s: det(A)=-0.0 (actual: -0.0; err: 0.0; rel err: nan)
n=251 in 0.9891493320465088s: det(A)=-0.0 (actual: -0.0; err: 0.0; rel err: nan)
n=252 in 0.9574398994445801s: det(A)=-0.0 (actual: 0.0; err: 0.0; rel err: nan)
n=253 in 0.9628186225891113s: det(A)=0.0 (actual: -0.0; err: -0.0; rel err: nan)
n=254 in 0.9761910438537598s: det(A)=0.0 (actual: -0.0; err: -0.0; rel err: nan)
n=255 in 0.9707589149475098s: det(A)=-0.0 (actual: -0.0; err: 0.0; rel err: nan)
n=256 in 0.9920840263366699s: det(A)=-0.0 (actual: 0.0; err: 0.0; rel err: nan)
n=257 in 1.0311510562896729s: det(A)=-0.0 (actual: 0.0; err: 0.0; rel err: nan)
n=258 in 1.1045351028442383s: det(A)=0.0 (actual: 0.0; err: 0.0; rel err: nan)
n=259 in 1.0762040615081787s: det(A)=-0.0 (actual: 0.0; err: 0.0; rel err: nan)
n=260 in 1.1632981300354004s: det(A)=0.0 (actual: -0.0; err: -0.0; rel err: nan)
n=261 in 1.1251540184020996s: det(A)=-0.0 (actual: -0.0; err: 0.0; rel err: nan)
n=262 in 1.3802649974822998s: det(A)=0.0 (actual: -0.0; err: -0.0; rel err: nan)
n=263 in 1.139686107635498s: det(A)=-0.0 (actual: 0.0; err: 0.0; rel err: nan)
n=264 in 1.0911459922790527s: det(A)=0.0 (actual: 0.0; err: 0.0; rel err: nan)
n=265 in 1.0691049098968506s: det(A)=0.0 (actual: 0.0; err: 0.0; rel err: nan)
n=266 in 1.066422700881958s: det(A)=-0.0 (actual: -0.0; err: 0.0; rel err: nan)
n=267 in 1.1226003170013428s: det(A)=0.0 (actual: 0.0; err: 0.0; rel err: nan)
n=268 in 1.1394951343536377s: det(A)=0.0 (actual: -0.0; err: -0.0; rel err: nan)
n=269 in 1.1337110996246338s: det(A)=0.0 (actual: -0.0; err: -0.0; rel err: nan)
n=270 in 1.1566359996795654s: det(A)=-0.0 (actual: 0.0; err: 0.0; rel err: nan)
n=271 in 1.1273670196533203s: det(A)=0.0 (actual: -0.0; err: -0.0; rel err: nan)
n=272 in 1.1321446895599365s: det(A)=-0.0 (actual: 0.0; err: 0.0; rel err: nan)
n=273 in 1.17535400390625s: det(A)=0.0 (actual: -0.0; err: -0.0; rel err: nan)
n=274 in 1.9242241382598877s: det(A)=0.0 (actual: 0.0; err: 0.0; rel err: nan)
n=275 in 4.62742805480957s: det(A)=0.0 (actual: 0.0; err: 0.0; rel err: nan)
n=276 in 1.408851146697998s: det(A)=-0.0 (actual: 0.0; err: 0.0; rel err: nan)
n=277 in 1.3013770580291748s: det(A)=-0.0 (actual: -0.0; err: 0.0; rel err: nan)
n=278 in 1.4048042297363281s: det(A)=0.0 (actual: 0.0; err: 0.0; rel err: nan)
n=279 in 1.4928350448608398s: det(A)=0.0 (actual: -0.0; err: -0.0; rel err: nan)
n=280 in 1.5579760074615479s: det(A)=-0.0 (actual: 0.0; err: 0.0; rel err: nan)
n=281 in 1.348980188369751s: det(A)=0.0 (actual: 0.0; err: 0.0; rel err: nan)
n=282 in 1.283221960067749s: det(A)=0.0 (actual: -0.0; err: -0.0; rel err: nan)
n=283 in 1.2599480152130127s: det(A)=0.0 (actual: -0.0; err: -0.0; rel err: nan)
n=284 in 1.3112640380859375s: det(A)=0.0 (actual: -0.0; err: -0.0; rel err: nan)
n=285 in 1.3832118511199951s: det(A)=0.0 (actual: 0.0; err: 0.0; rel err: nan)
n=286 in 1.6221339702606201s: det(A)=-0.0 (actual: 0.0; err: 0.0; rel err: nan)
n=287 in 1.3700289726257324s: det(A)=0.0 (actual: 0.0; err: 0.0; rel err: nan)
n=288 in 2.3145718574523926s: det(A)=0.0 (actual: -0.0; err: -0.0; rel err: nan)
n=289 in 1.378556251525879s: det(A)=0.0 (actual: 0.0; err: 0.0; rel err: nan)
n=290 in 1.3464157581329346s: det(A)=-0.0 (actual: 0.0; err: 0.0; rel err: nan)
n=291 in 1.34033203125s: det(A)=-0.0 (actual: -0.0; err: 0.0; rel err: nan)
n=292 in 1.3003959655761719s: det(A)=0.0 (actual: -0.0; err: -0.0; rel err: nan)
n=293 in 1.3933708667755127s: det(A)=0.0 (actual: 0.0; err: 0.0; rel err: nan)
n=294 in 1.3602399826049805s: det(A)=-0.0 (actual: -0.0; err: 0.0; rel err: nan)
n=295 in 1.3904039859771729s: det(A)=0.0 (actual: -0.0; err: -0.0; rel err: nan)
n=296 in 1.5778250694274902s: det(A)=0.0 (actual: 0.0; err: 0.0; rel err: nan)
n=297 in 1.4911670684814453s: det(A)=0.0 (actual: -0.0; err: -0.0; rel err: nan)
n=298 in 1.6839070320129395s: det(A)=-0.0 (actual: 0.0; err: 0.0; rel err: nan)
n=299 in 1.7402029037475586s: det(A)=-0.0 (actual: 0.0; err: 0.0; rel err: nan)
n=300 in 1.6292202472686768s: det(A)=0.0 (actual: 0.0; err: 0.0; rel err: nan)
n=301 in 1.5594630241394043s: det(A)=0.0 (actual: 0.0; err: 0.0; rel err: nan)
n=302 in 1.5835940837860107s: det(A)=0.0 (actual: -0.0; err: -0.0; rel err: nan)
n=303 in 1.6140358448028564s: det(A)=0.0 (actual: 0.0; err: 0.0; rel err: nan)
n=304 in 1.686434268951416s: det(A)=-0.0 (actual: -0.0; err: 0.0; rel err: nan)
n=305 in 1.9423820972442627s: det(A)=0.0 (actual: 0.0; err: 0.0; rel err: nan)
n=306 in 1.577692985534668s: det(A)=0.0 (actual: 0.0; err: 0.0; rel err: nan)
n=307 in 1.6056897640228271s: det(A)=-0.0 (actual: -0.0; err: 0.0; rel err: nan)
n=308 in 1.5709190368652344s: det(A)=0.0 (actual: 0.0; err: 0.0; rel err: nan)
n=309 in 1.498793125152588s: det(A)=-0.0 (actual: -0.0; err: 0.0; rel err: nan)
n=310 in 1.5491058826446533s: det(A)=-0.0 (actual: 0.0; err: 0.0; rel err: nan)
n=311 in 1.5151832103729248s: det(A)=-0.0 (actual: 0.0; err: 0.0; rel err: nan)
n=312 in 1.4975929260253906s: det(A)=0.0 (actual: -0.0; err: -0.0; rel err: nan)
n=313 in 1.826127290725708s: det(A)=-0.0 (actual: -0.0; err: 0.0; rel err: nan)
n=314 in 1.6317379474639893s: det(A)=-0.0 (actual: 0.0; err: 0.0; rel err: nan)
n=315 in 1.6703801155090332s: det(A)=0.0 (actual: -0.0; err: -0.0; rel err: nan)
n=316 in 1.7175850868225098s: det(A)=0.0 (actual: -0.0; err: -0.0; rel err: nan)
n=317 in 1.6545610427856445s: det(A)=0.0 (actual: -0.0; err: -0.0; rel err: nan)
n=318 in 1.7181921005249023s: det(A)=-0.0 (actual: -0.0; err: 0.0; rel err: nan)
n=319 in 1.609766960144043s: det(A)=-0.0 (actual: -0.0; err: 0.0; rel err: nan)
n=320 in 1.6623318195343018s: det(A)=-0.0 (actual: 0.0; err: 0.0; rel err: nan)
n=321 in 1.7131860256195068s: det(A)=0.0 (actual: -0.0; err: -0.0; rel err: nan)
n=322 in 1.669532060623169s: det(A)=0.0 (actual: 0.0; err: 0.0; rel err: nan)
n=323 in 1.7508718967437744s: det(A)=-0.0 (actual: -0.0; err: 0.0; rel err: nan)
n=324 in 1.7429382801055908s: det(A)=-0.0 (actual: 0.0; err: 0.0; rel err: nan)
n=325 in 1.712998867034912s: det(A)=0.0 (actual: 0.0; err: 0.0; rel err: nan)
n=326 in 1.726119041442871s: det(A)=0.0 (actual: -0.0; err: -0.0; rel err: nan)
n=327 in 1.7790849208831787s: det(A)=-0.0 (actual: 0.0; err: 0.0; rel err: nan)
n=328 in 1.690026044845581s: det(A)=0.0 (actual: 0.0; err: 0.0; rel err: nan)
n=329 in 1.7166008949279785s: det(A)=-0.0 (actual: -0.0; err: 0.0; rel err: nan)
n=330 in 1.762726068496704s: det(A)=0.0 (actual: 0.0; err: 0.0; rel err: nan)
n=331 in 1.7335789203643799s: det(A)=0.0 (actual: -0.0; err: -0.0; rel err: nan)
n=332 in 2.1172921657562256s: det(A)=0.0 (actual: -0.0; err: -0.0; rel err: nan)
n=333 in 1.8610920906066895s: det(A)=-0.0 (actual: -0.0; err: 0.0; rel err: nan)
n=334 in 2.0468192100524902s: det(A)=-0.0 (actual: 0.0; err: 0.0; rel err: nan)
n=335 in 1.8004798889160156s: det(A)=0.0 (actual: 0.0; err: 0.0; rel err: nan)
n=336 in 1.7849559783935547s: det(A)=0.0 (actual: -0.0; err: -0.0; rel err: nan)
n=337 in 1.8505630493164062s: det(A)=0.0 (actual: 0.0; err: 0.0; rel err: nan)
n=338 in 1.8609049320220947s: det(A)=0.0 (actual: -0.0; err: -0.0; rel err: nan)
n=339 in 1.88014817237854s: det(A)=0.0 (actual: 0.0; err: 0.0; rel err: nan)
n=340 in 1.9059319496154785s: det(A)=-0.0 (actual: 0.0; err: 0.0; rel err: nan)
n=341 in 1.6833550930023193s: det(A)=0.0 (actual: 0.0; err: 0.0; rel err: nan)
n=342 in 1.6526007652282715s: det(A)=0.0 (actual: -0.0; err: -0.0; rel err: nan)
n=343 in 1.732084035873413s: det(A)=-0.0 (actual: 0.0; err: 0.0; rel err: nan)
n=344 in 1.764441967010498s: det(A)=0.0 (actual: 0.0; err: 0.0; rel err: nan)
n=345 in 1.7480409145355225s: det(A)=0.0 (actual: -0.0; err: -0.0; rel err: nan)
n=346 in 1.8762030601501465s: det(A)=0.0 (actual: 0.0; err: 0.0; rel err: nan)
n=347 in 1.7481169700622559s: det(A)=-0.0 (actual: -0.0; err: 0.0; rel err: nan)
n=348 in 1.861320972442627s: det(A)=-0.0 (actual: -0.0; err: 0.0; rel err: nan)
n=349 in 1.917776107788086s: det(A)=0.0 (actual: -0.0; err: -0.0; rel err: nan)
n=350 in 1.8177261352539062s: det(A)=0.0 (actual: 0.0; err: 0.0; rel err: nan)
n=351 in 2.0352120399475098s: det(A)=-0.0 (actual: -0.0; err: 0.0; rel err: nan)
n=352 in 1.9711620807647705s: det(A)=0.0 (actual: -0.0; err: -0.0; rel err: nan)
n=353 in 1.9383981227874756s: det(A)=-0.0 (actual: 0.0; err: 0.0; rel err: nan)
n=354 in 1.971665859222412s: det(A)=0.0 (actual: -0.0; err: -0.0; rel err: nan)
n=355 in 1.9707977771759033s: det(A)=-0.0 (actual: -0.0; err: 0.0; rel err: nan)
n=356 in 2.0197978019714355s: det(A)=-0.0 (actual: 0.0; err: 0.0; rel err: nan)
n=357 in 1.9939608573913574s: det(A)=0.0 (actual: 0.0; err: 0.0; rel err: nan)
n=358 in 1.9662928581237793s: det(A)=0.0 (actual: -0.0; err: -0.0; rel err: nan)
n=359 in 2.0343568325042725s: det(A)=-0.0 (actual: 0.0; err: 0.0; rel err: nan)
n=360 in 2.032203197479248s: det(A)=-0.0 (actual: -0.0; err: 0.0; rel err: nan)
n=361 in 2.064549207687378s: det(A)=-0.0 (actual: -0.0; err: 0.0; rel err: nan)
n=362 in 2.106344223022461s: det(A)=0.0 (actual: -0.0; err: -0.0; rel err: nan)
n=363 in 2.150418758392334s: det(A)=0.0 (actual: 0.0; err: 0.0; rel err: nan)
n=364 in 2.1883902549743652s: det(A)=0.0 (actual: 0.0; err: 0.0; rel err: nan)
n=365 in 2.1963021755218506s: det(A)=-0.0 (actual: -0.0; err: 0.0; rel err: nan)
n=366 in 2.2196850776672363s: det(A)=0.0 (actual: -0.0; err: -0.0; rel err: nan)
n=367 in 2.092510938644409s: det(A)=0.0 (actual: -0.0; err: -0.0; rel err: nan)
n=368 in 2.1414520740509033s: det(A)=-0.0 (actual: -0.0; err: 0.0; rel err: nan)
n=369 in 2.097092866897583s: det(A)=0.0 (actual: 0.0; err: 0.0; rel err: nan)
n=370 in 2.256815195083618s: det(A)=-0.0 (actual: 0.0; err: 0.0; rel err: nan)
n=371 in 2.1699910163879395s: det(A)=-0.0 (actual: -0.0; err: 0.0; rel err: nan)
n=372 in 2.2162392139434814s: det(A)=0.0 (actual: -0.0; err: -0.0; rel err: nan)
n=373 in 2.227461814880371s: det(A)=0.0 (actual: -0.0; err: -0.0; rel err: nan)
n=374 in 2.17496395111084s: det(A)=0.0 (actual: -0.0; err: -0.0; rel err: nan)
n=375 in 2.2997961044311523s: det(A)=0.0 (actual: 0.0; err: 0.0; rel err: nan)
n=376 in 2.229174852371216s: det(A)=-0.0 (actual: 0.0; err: 0.0; rel err: nan)
n=377 in 2.272489309310913s: det(A)=-0.0 (actual: 0.0; err: 0.0; rel err: nan)
n=378 in 2.343153953552246s: det(A)=-0.0 (actual: 0.0; err: 0.0; rel err: nan)
n=379 in 2.3112740516662598s: det(A)=-0.0 (actual: -0.0; err: 0.0; rel err: nan)
n=380 in 2.2963287830352783s: det(A)=-0.0 (actual: 0.0; err: 0.0; rel err: nan)
n=381 in 2.2979650497436523s: det(A)=-0.0 (actual: -0.0; err: 0.0; rel err: nan)
n=382 in 2.3818039894104004s: det(A)=0.0 (actual: 0.0; err: 0.0; rel err: nan)
n=383 in 2.165001153945923s: det(A)=-0.0 (actual: 0.0; err: 0.0; rel err: nan)